kotlin version: 2.0.21
error message: java.nio.file.NoSuchFileException: /Users/johnny/jyeonjyan/project/about/build/classes/kotlin/js/main/default/linkdata/root_package/0_.knm
	at java.base/sun.nio.fs.UnixException.translateToIOException(UnixException.java:92)
	at java.base/sun.nio.fs.UnixException.rethrowAsIOException(UnixException.java:106)
	at java.base/sun.nio.fs.UnixException.rethrowAsIOException(UnixException.java:111)
	at java.base/sun.nio.fs.UnixFileSystemProvider.newByteChannel(UnixFileSystemProvider.java:261)
	at java.base/java.nio.file.Files.newByteChannel(Files.java:379)
	at java.base/java.nio.file.Files.newByteChannel(Files.java:431)
	at java.base/java.nio.file.Files.readAllBytes(Files.java:3268)
	at org.jetbrains.kotlin.konan.file.File.readBytes(File.kt:138)
	at org.jetbrains.kotlin.library.impl.MetadataLibraryImpl$packageMetadata$1.invoke(KotlinLibraryImpl.kt:67)
	at org.jetbrains.kotlin.library.impl.MetadataLibraryImpl$packageMetadata$1.invoke(KotlinLibraryImpl.kt:66)
	at org.jetbrains.kotlin.library.impl.BaseLibraryAccess.inPlace(KotlinLibraryLayoutImpl.kt:71)
	at org.jetbrains.kotlin.library.impl.MetadataLibraryImpl.packageMetadata(KotlinLibraryImpl.kt:66)
	at org.jetbrains.kotlin.library.impl.KotlinLibraryImpl.packageMetadata(KotlinLibraryImpl.kt)
	at org.jetbrains.kotlin.library.metadata.SimplePackageAccessHandler.loadPackageFragment(KlibMetadataDeserializationUtils.kt:37)
	at org.jetbrains.kotlin.library.metadata.KlibMetadataDeserializedPackageFragment.ensureStorage(KlibMetadataPackageFragment.kt:44)
	at org.jetbrains.kotlin.library.metadata.KlibMetadataDeserializedPackageFragment.getProtoForNames(KlibMetadataPackageFragment.kt:37)
	at org.jetbrains.kotlin.library.metadata.KlibMetadataDeserializedPackageFragment.getProto(KlibMetadataPackageFragment.kt:53)
	at org.jetbrains.kotlin.library.metadata.KlibMetadataPackageFragment._memberScope_delegate$lambda$3(KlibMetadataPackageFragment.kt:114)
	at kotlin.SynchronizedLazyImpl.getValue(LazyJVM.kt:74)
	at org.jetbrains.kotlin.library.metadata.KlibMetadataPackageFragment.get_memberScope(KlibMetadataPackageFragment.kt:110)
	at org.jetbrains.kotlin.library.metadata.KlibMetadataPackageFragment.getMemberScope(KlibMetadataPackageFragment.kt:123)
	at org.jetbrains.kotlin.library.metadata.KlibMetadataPackageFragment.getMemberScope(KlibMetadataPackageFragment.kt:80)
	at org.jetbrains.kotlin.descriptors.impl.LazyPackageViewDescriptorImpl.memberScope$lambda$3(LazyPackageViewDescriptorImpl.kt:49)
	at org.jetbrains.kotlin.resolve.scopes.LazyScopeAdapter.lazyScope$lambda$1(LazyScopeAdapter.kt:28)
	at org.jetbrains.kotlin.storage.LockBasedStorageManager$LockBasedLazyValue.invoke(LockBasedStorageManager.java:408)
	at org.jetbrains.kotlin.storage.LockBasedStorageManager$LockBasedNotNullLazyValue.invoke(LockBasedStorageManager.java:527)
	at org.jetbrains.kotlin.resolve.scopes.LazyScopeAdapter.getWorkerScope(LazyScopeAdapter.kt:34)
	at org.jetbrains.kotlin.resolve.scopes.AbstractScopeAdapter.getContributedFunctions(AbstractScopeAdapter.kt:40)
	at org.jetbrains.kotlin.ir.backend.js.JsCommonBackendContextKt.findFunctions(JsCommonBackendContext.kt:130)
	at org.jetbrains.kotlin.ir.backend.js.JsIrBackendContext.getFunctions(JsIrBackendContext.kt:402)
	at org.jetbrains.kotlin.ir.backend.js.JsIntrinsics.getInternalWithoutPackageOrNull(JsIntrinsics.kt:428)
	at org.jetbrains.kotlin.ir.backend.js.JsIntrinsics.access$getInternalWithoutPackageOrNull(JsIntrinsics.kt:25)
	at org.jetbrains.kotlin.ir.backend.js.JsIntrinsics$JsReflectionSymbols.<init>(JsIntrinsics.kt:297)
	at org.jetbrains.kotlin.ir.backend.js.JsIntrinsics.<init>(JsIntrinsics.kt:311)
	at org.jetbrains.kotlin.ir.backend.js.JsIrBackendContext.<init>(JsIrBackendContext.kt:165)
	at org.jetbrains.kotlin.ir.backend.js.JsIrBackendContext.<init>(JsIrBackendContext.kt:59)
	at org.jetbrains.kotlin.ir.backend.js.JsIrCompilerWithIC.<init>(compilerWithIC.kt:38)
	at org.jetbrains.kotlin.ir.backend.js.JsIrCompilerWithIC.<init>(compilerWithIC.kt:24)
	at org.jetbrains.kotlin.cli.js.K2JsIrCompiler.prepareIcCaches$lambda$12(K2JsIrCompiler.kt:717)
	at org.jetbrains.kotlin.ir.backend.js.ic.CacheUpdater.loadIrForDirtyFilesAndInitCompiler(CacheUpdater.kt:743)
	at org.jetbrains.kotlin.ir.backend.js.ic.CacheUpdater.loadIrAndMakeIrFragmentGenerators(CacheUpdater.kt:769)
	at org.jetbrains.kotlin.ir.backend.js.ic.CacheUpdater.actualizeCaches(CacheUpdater.kt:805)
	at org.jetbrains.kotlin.cli.js.K2JsIrCompiler.prepareIcCaches(K2JsIrCompiler.kt:727)
	at org.jetbrains.kotlin.cli.js.K2JsIrCompiler.doExecute(K2JsIrCompiler.kt:310)
	at org.jetbrains.kotlin.cli.js.K2JSCompiler.doExecute(K2JSCompiler.java:70)
	at org.jetbrains.kotlin.cli.js.K2JSCompiler.doExecute(K2JSCompiler.java:33)
	at org.jetbrains.kotlin.cli.common.CLICompiler.execImpl(CLICompiler.kt:103)
	at org.jetbrains.kotlin.cli.common.CLICompiler.execImpl(CLICompiler.kt:49)
	at org.jetbrains.kotlin.cli.common.CLITool.exec(CLITool.kt:101)
	at org.jetbrains.kotlin.daemon.CompileServiceImpl.compile(CompileServiceImpl.kt:1555)
	at java.base/jdk.internal.reflect.DirectMethodHandleAccessor.invoke(DirectMethodHandleAccessor.java:103)
	at java.base/java.lang.reflect.Method.invoke(Method.java:580)
	at java.rmi/sun.rmi.server.UnicastServerRef.dispatch(UnicastServerRef.java:360)
	at java.rmi/sun.rmi.transport.Transport$1.run(Transport.java:200)
	at java.rmi/sun.rmi.transport.Transport$1.run(Transport.java:197)
	at java.base/java.security.AccessController.doPrivileged(AccessController.java:714)
	at java.rmi/sun.rmi.transport.Transport.serviceCall(Transport.java:196)
	at java.rmi/sun.rmi.transport.tcp.TCPTransport.handleMessages(TCPTransport.java:598)
	at java.rmi/sun.rmi.transport.tcp.TCPTransport$ConnectionHandler.run0(TCPTransport.java:844)
	at java.rmi/sun.rmi.transport.tcp.TCPTransport$ConnectionHandler.lambda$run$0(TCPTransport.java:721)
	at java.base/java.security.AccessController.doPrivileged(AccessController.java:400)
	at java.rmi/sun.rmi.transport.tcp.TCPTransport$ConnectionHandler.run(TCPTransport.java:720)
	at java.base/java.util.concurrent.ThreadPoolExecutor.runWorker(ThreadPoolExecutor.java:1144)
	at java.base/java.util.concurrent.ThreadPoolExecutor$Worker.run(ThreadPoolExecutor.java:642)
	at java.base/java.lang.Thread.run(Thread.java:1583)


