kotlin version: 2.0.21
error message: java.nio.file.NoSuchFileException: /Users/johnny/jyeonjyan/project/about/build/classes/kotlin/js/main/default/linkdata/root_package
	at java.base/sun.nio.fs.UnixException.translateToIOException(UnixException.java:92)
	at java.base/sun.nio.fs.UnixException.rethrowAsIOException(UnixException.java:106)
	at java.base/sun.nio.fs.UnixException.rethrowAsIOException(UnixException.java:111)
	at java.base/sun.nio.fs.UnixFileSystemProvider.newDirectoryStream(UnixFileSystemProvider.java:461)
	at java.base/java.nio.file.Files.newDirectoryStream(Files.java:481)
	at org.jetbrains.kotlin.konan.file.File.getListFiles(File.kt:57)
	at org.jetbrains.kotlin.library.impl.MetadataLibraryImpl$packageMetadataParts$1.invoke(KotlinLibraryImpl.kt:74)
	at org.jetbrains.kotlin.library.impl.MetadataLibraryImpl$packageMetadataParts$1.invoke(KotlinLibraryImpl.kt:71)
	at org.jetbrains.kotlin.library.impl.BaseLibraryAccess.inPlace(KotlinLibraryLayoutImpl.kt:71)
	at org.jetbrains.kotlin.library.impl.MetadataLibraryImpl.packageMetadataParts(KotlinLibraryImpl.kt:71)
	at org.jetbrains.kotlin.library.impl.KotlinLibraryImpl.packageMetadataParts(KotlinLibraryImpl.kt)
	at org.jetbrains.kotlin.library.metadata.impl.KlibMetadataDeserializedPackageFragmentsFactoryImpl.createDeserializedPackageFragments(KlibMetadataDeserializedPackageFragmentsFactoryImpl.kt:26)
	at org.jetbrains.kotlin.library.metadata.impl.KlibMetadataModuleDescriptorFactoryImpl.createPackageFragmentProvider(KlibMetadataModuleDescriptorFactoryImpl.kt:100)
	at org.jetbrains.kotlin.library.metadata.impl.KlibMetadataModuleDescriptorFactoryImpl.createDescriptorOptionalBuiltIns(KlibMetadataModuleDescriptorFactoryImpl.kt:55)
	at org.jetbrains.kotlin.ir.backend.js.ic.JsIrLinkerLoader.loadModules$getModuleDescriptor(JsIrLinkerLoader.kt:170)
	at org.jetbrains.kotlin.ir.backend.js.ic.JsIrLinkerLoader.loadModules(JsIrLinkerLoader.kt:184)
	at org.jetbrains.kotlin.ir.backend.js.ic.JsIrLinkerLoader.loadIr(JsIrLinkerLoader.kt:192)
	at org.jetbrains.kotlin.ir.backend.js.ic.JsIrLinkerLoader.loadIr$default(JsIrLinkerLoader.kt:191)
	at org.jetbrains.kotlin.ir.backend.js.ic.CacheUpdater.loadIrForDirtyFilesAndInitCompiler(CacheUpdater.kt:732)
	at org.jetbrains.kotlin.ir.backend.js.ic.CacheUpdater.loadIrAndMakeIrFragmentGenerators(CacheUpdater.kt:769)
	at org.jetbrains.kotlin.ir.backend.js.ic.CacheUpdater.actualizeCaches(CacheUpdater.kt:805)
	at org.jetbrains.kotlin.cli.js.K2JsIrCompiler.prepareIcCaches(K2JsIrCompiler.kt:727)
	at org.jetbrains.kotlin.cli.js.K2JsIrCompiler.doExecute(K2JsIrCompiler.kt:310)
	at org.jetbrains.kotlin.cli.js.K2JSCompiler.doExecute(K2JSCompiler.java:70)
	at org.jetbrains.kotlin.cli.js.K2JSCompiler.doExecute(K2JSCompiler.java:33)
	at org.jetbrains.kotlin.cli.common.CLICompiler.execImpl(CLICompiler.kt:103)
	at org.jetbrains.kotlin.cli.common.CLICompiler.execImpl(CLICompiler.kt:49)
	at org.jetbrains.kotlin.cli.common.CLITool.exec(CLITool.kt:101)
	at org.jetbrains.kotlin.daemon.CompileServiceImpl.compile(CompileServiceImpl.kt:1555)
	at java.base/jdk.internal.reflect.DirectMethodHandleAccessor.invoke(DirectMethodHandleAccessor.java:103)
	at java.base/java.lang.reflect.Method.invoke(Method.java:580)
	at java.rmi/sun.rmi.server.UnicastServerRef.dispatch(UnicastServerRef.java:360)
	at java.rmi/sun.rmi.transport.Transport$1.run(Transport.java:200)
	at java.rmi/sun.rmi.transport.Transport$1.run(Transport.java:197)
	at java.base/java.security.AccessController.doPrivileged(AccessController.java:714)
	at java.rmi/sun.rmi.transport.Transport.serviceCall(Transport.java:196)
	at java.rmi/sun.rmi.transport.tcp.TCPTransport.handleMessages(TCPTransport.java:598)
	at java.rmi/sun.rmi.transport.tcp.TCPTransport$ConnectionHandler.run0(TCPTransport.java:844)
	at java.rmi/sun.rmi.transport.tcp.TCPTransport$ConnectionHandler.lambda$run$0(TCPTransport.java:721)
	at java.base/java.security.AccessController.doPrivileged(AccessController.java:400)
	at java.rmi/sun.rmi.transport.tcp.TCPTransport$ConnectionHandler.run(TCPTransport.java:720)
	at java.base/java.util.concurrent.ThreadPoolExecutor.runWorker(ThreadPoolExecutor.java:1144)
	at java.base/java.util.concurrent.ThreadPoolExecutor$Worker.run(ThreadPoolExecutor.java:642)
	at java.base/java.lang.Thread.run(Thread.java:1583)


